[18-Feb-2026 14:11:57 Europe/Brussels] Download request: device_id=9, mac=80:5E:0C:F4:0B:B9
[18-Feb-2026 14:11:57 Europe/Brussels] Device found: W70B Test apparaat provisioing, MAC: 80:5E:0C:F4:0B:B9
[18-Feb-2026 14:11:57 Europe/Brussels] Config version ID: 16
[18-Feb-2026 14:11:57 Europe/Brussels] Config content retrieved, length: 679
[18-Feb-2026 14:11:57 Europe/Brussels] Applying variables and formatting...
[18-Feb-2026 14:11:57 Europe/Brussels] Config prepared, sending download...
[18-Feb-2026 14:11:57 Europe/Brussels] Download sent successfully
[18-Feb-2026 14:15:44 Europe/Brussels] Download request: device_id=9, mac=80:5E:0C:F4:0B:B9
[18-Feb-2026 14:15:44 Europe/Brussels] Device found: W70B Test apparaat provisioing, MAC: 80:5E:0C:F4:0B:B9
[18-Feb-2026 14:15:44 Europe/Brussels] Config version ID: 16
[18-Feb-2026 14:15:44 Europe/Brussels] Config content retrieved, length: 679
[18-Feb-2026 14:15:44 Europe/Brussels] Applying variables and formatting...
[18-Feb-2026 14:15:44 Europe/Brussels] Config prepared, sending download...
[18-Feb-2026 14:15:44 Europe/Brussels] Download sent successfully
[18-Feb-2026 20:04:09 Europe/Brussels] Download request: device_id=9, mac=80:5E:0C:F4:0B:B9
[18-Feb-2026 20:04:09 Europe/Brussels] Device found: W70B Test apparaat provisioing, MAC: 80:5E:0C:F4:0B:B9
[18-Feb-2026 20:04:09 Europe/Brussels] Config version ID: 19
[18-Feb-2026 20:04:09 Europe/Brussels] Config content retrieved, length: 953
[18-Feb-2026 20:04:09 Europe/Brussels] Applying variables and formatting...
[18-Feb-2026 20:04:09 Europe/Brussels] Config prepared, sending download...
[18-Feb-2026 20:04:09 Europe/Brussels] Download sent successfully
[18-Feb-2026 20:10:03 Europe/Brussels] Download request: device_id=9, mac=80:5E:0C:F4:0B:B9
[18-Feb-2026 20:10:03 Europe/Brussels] Device found: W70B Test apparaat provisioing, MAC: 80:5E:0C:F4:0B:B9
[18-Feb-2026 20:10:03 Europe/Brussels] Config version ID: 19
[18-Feb-2026 20:10:03 Europe/Brussels] Config content retrieved, length: 953
[18-Feb-2026 20:10:03 Europe/Brussels] Applying variables and formatting...
[18-Feb-2026 20:10:03 Europe/Brussels] Config prepared, sending download...
[18-Feb-2026 20:10:03 Europe/Brussels] Download sent successfully
[19-Feb-2026 19:34:13 Europe/Brussels] Download request: device_id=9, mac=80:5E:0C:F4:0B:B9
[19-Feb-2026 19:34:13 Europe/Brussels] Device found: W70B Test apparaat provisioing, MAC: 80:5E:0C:F4:0B:B9
[19-Feb-2026 19:34:13 Europe/Brussels] Config version ID: 19
[19-Feb-2026 19:34:13 Europe/Brussels] Config content retrieved, length: 953
[19-Feb-2026 19:34:13 Europe/Brussels] Applying variables and formatting...
[19-Feb-2026 19:34:13 Europe/Brussels] Config prepared, sending download...
[19-Feb-2026 19:34:13 Europe/Brussels] Download sent successfully
[19-Feb-2026 19:57:50 Europe/Brussels] Download request: device_id=9, mac=80:5E:0C:F4:0B:B9
[19-Feb-2026 19:57:50 Europe/Brussels] Device found: W70B Test apparaat provisioing, MAC: 80:5E:0C:F4:0B:B9
[19-Feb-2026 19:57:50 Europe/Brussels] Config version ID: 19
[19-Feb-2026 19:57:50 Europe/Brussels] Config content retrieved, length: 953
[19-Feb-2026 19:57:50 Europe/Brussels] Applying variables and formatting...
[19-Feb-2026 19:57:50 Europe/Brussels] Config prepared, sending download...
[19-Feb-2026 19:57:50 Europe/Brussels] Download sent successfully
[19-Feb-2026 20:01:57 Europe/Brussels] Download request: device_id=9, mac=80:5E:0C:F4:0B:B9
[19-Feb-2026 20:01:57 Europe/Brussels] Device found: W70B Test apparaat provisioing, MAC: 80:5E:0C:F4:0B:B9
[19-Feb-2026 20:01:57 Europe/Brussels] Config version ID: 19
[19-Feb-2026 20:01:57 Europe/Brussels] Config content retrieved, length: 953
[19-Feb-2026 20:01:57 Europe/Brussels] Applying variables and formatting...
[19-Feb-2026 20:01:57 Europe/Brussels] Config prepared, sending download...
[19-Feb-2026 20:01:57 Europe/Brussels] Download sent successfully
[19-Feb-2026 20:03:45 Europe/Brussels] Download request: device_id=9, mac=80:5E:0C:F4:0B:B9
[19-Feb-2026 20:03:45 Europe/Brussels] Device found: W70B Test apparaat provisioing, MAC: 80:5E:0C:F4:0B:B9
[19-Feb-2026 20:03:45 Europe/Brussels] Active config version ID: 16
[19-Feb-2026 20:03:45 Europe/Brussels] Config content retrieved, length: 679
[19-Feb-2026 20:03:45 Europe/Brussels] Applying variables and formatting...
[19-Feb-2026 20:03:45 Europe/Brussels] Config prepared, sending download...
[19-Feb-2026 20:03:45 Europe/Brussels] Download sent successfully for active config version 16
[19-Feb-2026 20:04:28 Europe/Brussels] Download request: device_id=9, mac=80:5E:0C:F4:0B:B9
[19-Feb-2026 20:04:28 Europe/Brussels] Device found: W70B Test apparaat provisioing, MAC: 80:5E:0C:F4:0B:B9
[19-Feb-2026 20:04:28 Europe/Brussels] Active config version ID: 12
[19-Feb-2026 20:04:28 Europe/Brussels] Config content retrieved, length: 688
[19-Feb-2026 20:04:28 Europe/Brussels] Applying variables and formatting...
[19-Feb-2026 20:04:28 Europe/Brussels] Config prepared, sending download...
[19-Feb-2026 20:04:28 Europe/Brussels] Download sent successfully for active config version 12
[19-Feb-2026 20:41:42 Europe/Brussels] Download request: device_id=9, mac=80:5E:0C:F4:0B:B9
[19-Feb-2026 20:41:42 Europe/Brussels] Device found: W70B Test apparaat provisioing, MAC: 80:5E:0C:F4:0B:B9
[19-Feb-2026 20:41:42 Europe/Brussels] Active config version ID: 34
[19-Feb-2026 20:41:42 Europe/Brussels] Config content retrieved, length: 731
[19-Feb-2026 20:41:42 Europe/Brussels] Applying variables and formatting...
[19-Feb-2026 20:41:42 Europe/Brussels] Config prepared, sending download...
[19-Feb-2026 20:41:42 Europe/Brussels] Download sent successfully for active config version 34
[19-Feb-2026 20:48:56 Europe/Brussels] Download request: device_id=9, mac=80:5E:0C:F4:0B:B9
[19-Feb-2026 20:48:56 Europe/Brussels] Device found: W70B Test apparaat provisioing, MAC: 80:5E:0C:F4:0B:B9
[19-Feb-2026 20:48:56 Europe/Brussels] Active config version ID: 34
[19-Feb-2026 20:48:56 Europe/Brussels] Config content retrieved, length: 731
[19-Feb-2026 20:48:56 Europe/Brussels] Applying variables and formatting...
[19-Feb-2026 20:48:56 Europe/Brussels] Config prepared, sending download...
[19-Feb-2026 20:48:56 Europe/Brussels] Download sent successfully for active config version 34
