[2026-02-17 22:15:40] Request: /provision/staging/805e0cf40bb9.boot | MAC: 805E0CF40BB9
[2026-02-17 22:15:40] Success: 80:5E:0C:F4:0B:B9
[2026-02-17 22:16:08] Request: /provision/staging/805e0cf40bb9.boot | MAC: 805E0CF40BB9
[2026-02-17 22:16:21] Request: /provision/staging/805e0cf40bb9.boot | MAC: 805E0CF40BB9
[2026-02-17 22:21:57] Request: /provision/staging/805e0cf40bb9.boot | MAC: 805E0CF40BB9
[2026-02-17 22:21:57] Success: 80:5E:0C:F4:0B:B9
[2026-02-17 22:23:35] Request: /provision/staging/805e0cf40bb9.boot | MAC: 805E0CF40BB9
[2026-02-17 22:23:35] Success: 80:5E:0C:F4:0B:B9
[2026-02-17 22:28:31] Request: /provision/staging/805e0cf40bb9.boot | MAC: 805E0CF40BB9
[2026-02-17 22:28:31] Success: 80:5E:0C:F4:0B:B9
[2026-02-17 22:30:12] Request: /provision/staging/805e0cf40bb9.boot | MAC: 805E0CF40BB9
[2026-02-17 22:30:12] Success: 80:5E:0C:F4:0B:B9
[2026-02-17 22:30:42] Request: /provision/staging/certificates/ca.crt | MAC: UNKNOWN
[2026-02-17 22:30:42] Request: /provision/staging/certificates/server.crt | MAC: UNKNOWN
[2026-02-17 22:30:42] Request: /provision/staging/certificates/device_805E0CF40BB9.crt | MAC: UNKNOWN
[2026-02-17 22:31:39] Request: /provision/staging/certificates/ca.crt | MAC: UNKNOWN
[2026-02-17 22:31:39] Request: /provision/staging/certificates/ca.crt | MAC: UNKNOWN
[2026-02-17 22:32:54] Request: /provision/staging/805e0cf40bb9.boot | MAC: 805E0CF40BB9
[2026-02-17 22:32:54] Success: 80:5E:0C:F4:0B:B9
[2026-02-17 22:33:23] Request: /provision/staging/805e0cf40bb9.boot | MAC: 805E0CF40BB9
[2026-02-17 22:33:23] Success: 80:5E:0C:F4:0B:B9
[2026-02-17 22:34:41] Request: /provision/staging/805e0cf40bb9.boot | MAC: 805E0CF40BB9
[2026-02-17 22:34:41] Success: 80:5E:0C:F4:0B:B9
[2026-02-17 22:43:30] Request: /provision/staging/805e0cf40bb9.boot | MAC: 805E0CF40BB9
[2026-02-17 22:43:30] Success: 80:5E:0C:F4:0B:B9
[2026-02-17 22:48:57] Request: /provision/staging/805e0cf40bb9.boot | MAC: 805E0CF40BB9
[2026-02-17 22:48:57] Success: 80:5E:0C:F4:0B:B9
[2026-02-17 22:50:30] Request: /provision/staging/805e0cf40bb9.boot | MAC: 805E0CF40BB9
[2026-02-17 22:50:30] Success: 80:5E:0C:F4:0B:B9
[2026-02-17 22:51:54] Request: /provision/staging/805e0cf40bb9.boot | MAC: 805E0CF40BB9
[2026-02-17 22:51:54] Success: 80:5E:0C:F4:0B:B9
[2026-02-17 22:54:44] Request: /provision/staging/805e0cf40bb9.boot | MAC: 805E0CF40BB9
[2026-02-17 22:54:44] Success: 80:5E:0C:F4:0B:B9
[2026-02-17 22:54:59] Request: /provision/staging/805e0cf40bb9.boot | MAC: 805E0CF40BB9
[2026-02-17 22:54:59] Success: 80:5E:0C:F4:0B:B9
[2026-02-17 22:57:12] Request: /provision/staging/805e0cf40bb9.boot | MAC: 805E0CF40BB9
[2026-02-17 22:57:12] Success: 80:5E:0C:F4:0B:B9
[2026-02-17 23:00:13] Request: /provision/staging/805e0cf40bb9.boot | MAC: 805E0CF40BB9
[2026-02-17 23:00:13] Success: 80:5E:0C:F4:0B:B9
[2026-02-17 23:00:23] Request: /provision/staging/805e0cf40bb9.boot | MAC: 805E0CF40BB9
[2026-02-17 23:00:23] Success: 80:5E:0C:F4:0B:B9
[2026-02-17 23:00:59] Request: /provision/staging/805e0cf40bb9.boo | MAC: UNKNOWN
[2026-02-17 23:01:06] Request: /provision/staging/805e0cf40bb9.boot | MAC: 805E0CF40BB9
[2026-02-17 23:01:06] Success: 80:5E:0C:F4:0B:B9
[2026-02-17 23:06:22] Request: /provision/staging/805e0cf40bb9.boot | MAC: 805E0CF40BB9
[2026-02-17 23:06:22] Success: 80:5E:0C:F4:0B:B9
[2026-02-17 23:22:35] Request: /provision/staging/805e0cf40bb9.boot | MAC: 805E0CF40BB9
[2026-02-17 23:39:22] Request: /provision/staging/ | MAC: UNKNOWN
[2026-02-17 23:45:52] Request: /provision/staging/805e0cf40bb9.boot | MAC: 805E0CF40BB9
[2026-02-17 23:45:52] Success: 80:5E:0C:F4:0B:B9
[2026-02-17 23:46:34] Request: /provision/staging/805e0cf40bb9.boot | MAC: 805E0CF40BB9
[2026-02-17 23:46:34] Success: 80:5E:0C:F4:0B:B9
[2026-02-17 23:46:55] Request: /provision/staging/805e0cf40bb9.boot | MAC: 805E0CF40BB9
[2026-02-17 23:46:55] Success: 80:5E:0C:F4:0B:B9
[2026-02-17 23:50:45] Request: /provision/staging/805e0cf40bb9.boot | MAC: 805E0CF40BB9
[2026-02-17 23:50:45] Success: 80:5E:0C:F4:0B:B9
[2026-02-17 23:51:05] Request: /provision/staging/805e0cf40bb9.boot | MAC: 805E0CF40BB9
[2026-02-17 23:51:05] Success: 80:5E:0C:F4:0B:B9
[2026-02-17 23:52:55] Request: /provision/staging/805e0cf40bb9.boot | MAC: 805E0CF40BB9
[2026-02-17 23:52:55] Success: 80:5E:0C:F4:0B:B9
